2022-04-25 01:57:54,292 - pyswarms.discrete.binary - INFO - Optimize for 100 iters with {'c1': 0.5, 'c2': 0.5, 'w': 0.1, 'k': 13, 'p': 2}
2022-04-25 01:57:54,465 - pyswarms.discrete.binary - INFO - Optimization finished | best cost: 0.019230769230769232, best pos: [1 1 1 1 0 1 1 1 1 1 1 1 1]
2022-04-25 01:57:54,468 - pyswarms.discrete.binary - INFO - Optimize for 100 iters with {'c1': 0.5, 'c2': 0.5, 'w': 0.1, 'k': 20, 'p': 2}
2022-04-25 01:57:54,641 - pyswarms.discrete.binary - INFO - Optimization finished | best cost: 0.0375, best pos: [1 1 1 1 1 1 0 1 1 1 0 1 1 1 1 1 1 0 1 1]
2022-04-25 01:57:54,644 - pyswarms.discrete.binary - INFO - Optimize for 100 iters with {'c1': 0.5, 'c2': 0.5, 'w': 0.1, 'k': 8, 'p': 2}
2022-04-25 01:57:54,713 - pyswarms.discrete.binary - INFO - Optimization finished | best cost: 0.0, best pos: [1 1 1 1 1 1 1 1]
2022-04-25 01:57:54,716 - pyswarms.discrete.binary - INFO - Optimize for 100 iters with {'c1': 0.5, 'c2': 0.5, 'w': 0.1, 'k': 9, 'p': 2}
2022-04-25 01:57:54,851 - pyswarms.discrete.binary - INFO - Optimization finished | best cost: 0.0, best pos: [1 1 1 1 1 1 1 1 1]
2022-04-25 01:57:54,853 - pyswarms.discrete.binary - INFO - Optimize for 100 iters with {'c1': 0.5, 'c2': 0.5, 'w': 0.1, 'k': 13, 'p': 2}
2022-04-25 01:57:54,935 - pyswarms.discrete.binary - INFO - Optimization finished | best cost: 0.008741150603074078, best pos: [0 1 1 1 1 1 1 1 1 1 1 1 1]
2022-04-25 01:57:54,938 - pyswarms.discrete.binary - INFO - Optimize for 100 iters with {'c1': 0.5, 'c2': 0.5, 'w': 0.1, 'k': 20, 'p': 2}
2022-04-25 01:57:55,109 - pyswarms.discrete.binary - INFO - Optimization finished | best cost: 0.02832782594979254, best pos: [1 1 1 1 1 1 1 1 1 1 0 1 1 1 1 1 1 1 0 0]
2022-04-25 01:57:55,112 - pyswarms.discrete.binary - INFO - Optimize for 100 iters with {'c1': 0.5, 'c2': 0.5, 'w': 0.1, 'k': 8, 'p': 2}
2022-04-25 01:57:55,240 - pyswarms.discrete.binary - INFO - Optimization finished | best cost: 0.0008428022216524882, best pos: [1 0 1 1 1 1 1 1]
2022-04-25 01:57:55,243 - pyswarms.discrete.binary - INFO - Optimize for 100 iters with {'c1': 0.5, 'c2': 0.5, 'w': 0.1, 'k': 9, 'p': 2}
2022-04-25 01:57:55,310 - pyswarms.discrete.binary - INFO - Optimization finished | best cost: 0.0, best pos: [1 1 1 1 1 1 1 1 0]
2022-04-25 01:57:55,313 - pyswarms.discrete.binary - INFO - Optimize for 100 iters with {'c1': 0.5, 'c2': 0.5, 'w': 0.1, 'k': 13, 'p': 2}
2022-04-25 01:57:55,440 - pyswarms.discrete.binary - INFO - Optimization finished | best cost: 0.0, best pos: [1 0 1 1 1 1 1 0 1 1 1 1 1]
2022-04-25 01:57:55,443 - pyswarms.discrete.binary - INFO - Optimize for 100 iters with {'c1': 0.5, 'c2': 0.5, 'w': 0.1, 'k': 20, 'p': 2}
2022-04-25 01:57:55,642 - pyswarms.discrete.binary - INFO - Optimization finished | best cost: 0.005418406244861137, best pos: [1 1 1 1 1 0 1 0 0 1 1 1 1 0 1 1 1 1 1 1]
2022-04-25 01:57:55,644 - pyswarms.discrete.binary - INFO - Optimize for 100 iters with {'c1': 0.5, 'c2': 0.5, 'w': 0.1, 'k': 8, 'p': 2}
2022-04-25 01:57:55,718 - pyswarms.discrete.binary - INFO - Optimization finished | best cost: 0.0, best pos: [1 0 0 1 1 1 1 1]
2022-04-25 01:57:55,720 - pyswarms.discrete.binary - INFO - Optimize for 100 iters with {'c1': 0.5, 'c2': 0.5, 'w': 0.1, 'k': 9, 'p': 2}
2022-04-25 01:57:55,864 - pyswarms.discrete.binary - INFO - Optimization finished | best cost: 0.019604061338505414, best pos: [1 1 1 1 0 1 1 1 0]
2022-04-25 01:57:55,867 - pyswarms.discrete.binary - INFO - Optimize for 100 iters with {'c1': 0.5, 'c2': 0.5, 'w': 0.1, 'k': 13, 'p': 2}
2022-04-25 01:57:55,941 - pyswarms.discrete.binary - INFO - Optimization finished | best cost: 0.0, best pos: [0 0 1 1 1 1 1 1 1 1 1 1 1]
2022-04-25 01:57:55,943 - pyswarms.discrete.binary - INFO - Optimize for 100 iters with {'c1': 0.5, 'c2': 0.5, 'w': 0.1, 'k': 20, 'p': 2}
2022-04-25 01:57:56,118 - pyswarms.discrete.binary - INFO - Optimization finished | best cost: 0.003926626000231354, best pos: [0 1 1 0 1 0 1 1 0 0 1 1 1 1 0 1 0 1 0 1]
2022-04-25 01:57:56,121 - pyswarms.discrete.binary - INFO - Optimize for 100 iters with {'c1': 0.5, 'c2': 0.5, 'w': 0.1, 'k': 8, 'p': 2}
2022-04-25 01:57:56,310 - pyswarms.discrete.binary - INFO - Optimization finished | best cost: 0.0, best pos: [1 0 1 1 1 1 1 1]
2022-04-25 01:57:56,313 - pyswarms.discrete.binary - INFO - Optimize for 100 iters with {'c1': 0.5, 'c2': 0.5, 'w': 0.1, 'k': 9, 'p': 2}
2022-04-25 01:57:56,390 - pyswarms.discrete.binary - INFO - Optimization finished | best cost: 0.0, best pos: [1 1 1 0 1 1 1 1 1]
2022-04-25 01:57:56,393 - pyswarms.discrete.binary - INFO - Optimize for 100 iters with {'c1': 0.5, 'c2': 0.5, 'w': 0.1, 'k': 13, 'p': 2}
2022-04-25 01:57:56,528 - pyswarms.discrete.binary - INFO - Optimization finished | best cost: 0.0, best pos: [1 0 1 0 1 1 0 1 1 0 1 1 1]
2022-04-25 01:57:56,531 - pyswarms.discrete.binary - INFO - Optimize for 100 iters with {'c1': 0.5, 'c2': 0.5, 'w': 0.1, 'k': 20, 'p': 2}
2022-04-25 01:57:56,703 - pyswarms.discrete.binary - INFO - Optimization finished | best cost: 0.0, best pos: [1 1 0 0 1 0 1 1 1 0 1 0 1 1 1 1 0 1 0 1]
2022-04-25 01:57:56,706 - pyswarms.discrete.binary - INFO - Optimize for 100 iters with {'c1': 0.5, 'c2': 0.5, 'w': 0.1, 'k': 8, 'p': 2}
2022-04-25 01:57:56,824 - pyswarms.discrete.binary - INFO - Optimization finished | best cost: 0.0, best pos: [1 1 1 1 1 1 1 1]
2022-04-25 01:57:56,827 - pyswarms.discrete.binary - INFO - Optimize for 100 iters with {'c1': 0.5, 'c2': 0.5, 'w': 0.1, 'k': 9, 'p': 2}
2022-04-25 01:57:56,911 - pyswarms.discrete.binary - INFO - Optimization finished | best cost: 0.0, best pos: [0 1 1 1 0 1 1 0 0]
2022-04-25 01:57:56,914 - pyswarms.discrete.binary - INFO - Optimize for 100 iters with {'c1': 0.5, 'c2': 0.5, 'w': 0.1, 'k': 13, 'p': 2}
2022-04-25 01:57:57,052 - pyswarms.discrete.binary - INFO - Optimization finished | best cost: 0.0, best pos: [0 1 1 1 1 0 0 1 1 1 1 1 1]
2022-04-25 01:57:57,056 - pyswarms.discrete.binary - INFO - Optimize for 100 iters with {'c1': 0.5, 'c2': 0.5, 'w': 0.1, 'k': 20, 'p': 2}
2022-04-25 01:57:57,239 - pyswarms.discrete.binary - INFO - Optimization finished | best cost: 0.0, best pos: [1 0 0 1 1 0 1 0 1 0 0 1 0 1 1 1 0 1 1 1]
2022-04-25 01:57:57,241 - pyswarms.discrete.binary - INFO - Optimize for 100 iters with {'c1': 0.5, 'c2': 0.5, 'w': 0.1, 'k': 8, 'p': 2}
2022-04-25 01:57:57,312 - pyswarms.discrete.binary - INFO - Optimization finished | best cost: 0.0, best pos: [1 0 1 1 1 1 0 1]
2022-04-25 01:57:57,314 - pyswarms.discrete.binary - INFO - Optimize for 100 iters with {'c1': 0.5, 'c2': 0.5, 'w': 0.1, 'k': 9, 'p': 2}
2022-04-25 01:57:57,443 - pyswarms.discrete.binary - INFO - Optimization finished | best cost: 0.0, best pos: [1 1 0 1 1 1 1 1 1]
2022-04-25 01:57:57,446 - pyswarms.discrete.binary - INFO - Optimize for 100 iters with {'c1': 0.5, 'c2': 0.5, 'w': 0.1, 'k': 13, 'p': 2}
2022-04-25 01:57:57,519 - pyswarms.discrete.binary - INFO - Optimization finished | best cost: 0.0, best pos: [0 1 1 1 0 1 1 0 1 0 1 0 1]
2022-04-25 01:57:57,522 - pyswarms.discrete.binary - INFO - Optimize for 100 iters with {'c1': 0.5, 'c2': 0.5, 'w': 0.1, 'k': 20, 'p': 2}
2022-04-25 01:57:57,691 - pyswarms.discrete.binary - INFO - Optimization finished | best cost: 0.0, best pos: [0 0 1 1 1 1 1 0 0 0 0 0 0 0 1 1 0 1 0 1]
2022-04-25 01:57:57,746 - pyswarms.discrete.binary - INFO - Optimize for 100 iters with {'c1': 0.5, 'c2': 0.5, 'w': 0.1, 'k': 8, 'p': 2}
2022-04-25 01:57:57,843 - pyswarms.discrete.binary - INFO - Optimization finished | best cost: 0.0, best pos: [0 0 1 1 0 0 1 1]
2022-04-25 01:57:57,845 - pyswarms.discrete.binary - INFO - Optimize for 100 iters with {'c1': 0.5, 'c2': 0.5, 'w': 0.1, 'k': 9, 'p': 2}
2022-04-25 01:57:57,916 - pyswarms.discrete.binary - INFO - Optimization finished | best cost: 0.0, best pos: [0 1 0 0 0 1 1 1 0]
2022-04-25 01:57:57,918 - pyswarms.discrete.binary - INFO - Optimize for 100 iters with {'c1': 0.5, 'c2': 0.5, 'w': 0.1, 'k': 13, 'p': 2}
2022-04-25 01:57:58,112 - pyswarms.discrete.binary - INFO - Optimization finished | best cost: 0.0, best pos: [1 0 0 1 0 0 0 0 1 0 1 0 1]
2022-04-25 01:57:58,115 - pyswarms.discrete.binary - INFO - Optimize for 100 iters with {'c1': 0.5, 'c2': 0.5, 'w': 0.1, 'k': 20, 'p': 2}
2022-04-25 01:57:58,293 - pyswarms.discrete.binary - INFO - Optimization finished | best cost: 0.0, best pos: [0 0 1 1 1 1 1 0 1 0 0 0 1 0 0 1 1 0 0 1]
2022-04-25 01:57:58,295 - pyswarms.discrete.binary - INFO - Optimize for 100 iters with {'c1': 0.5, 'c2': 0.5, 'w': 0.1, 'k': 8, 'p': 2}
2022-04-25 01:57:58,417 - pyswarms.discrete.binary - INFO - Optimization finished | best cost: 0.0, best pos: [0 0 1 1 1 1 0 1]
2022-04-25 01:57:58,419 - pyswarms.discrete.binary - INFO - Optimize for 100 iters with {'c1': 0.5, 'c2': 0.5, 'w': 0.1, 'k': 9, 'p': 2}
2022-04-25 01:57:58,510 - pyswarms.discrete.binary - INFO - Optimization finished | best cost: 0.0, best pos: [1 1 0 0 0 1 1 1 1]
2022-04-25 01:57:58,513 - pyswarms.discrete.binary - INFO - Optimize for 100 iters with {'c1': 0.5, 'c2': 0.5, 'w': 0.1, 'k': 13, 'p': 2}
2022-04-25 01:57:58,645 - pyswarms.discrete.binary - INFO - Optimization finished | best cost: 0.0, best pos: [1 0 0 0 0 0 1 1 1 0 1 0 1]
2022-04-25 01:57:58,647 - pyswarms.discrete.binary - INFO - Optimize for 100 iters with {'c1': 0.5, 'c2': 0.5, 'w': 0.1, 'k': 20, 'p': 2}
2022-04-25 01:57:58,832 - pyswarms.discrete.binary - INFO - Optimization finished | best cost: 0.0, best pos: [1 1 0 0 0 1 1 0 0 0 1 0 0 0 1 1 1 1 0 1]
2022-04-25 01:57:58,835 - pyswarms.discrete.binary - INFO - Optimize for 100 iters with {'c1': 0.5, 'c2': 0.5, 'w': 0.1, 'k': 8, 'p': 2}
2022-04-25 01:57:58,902 - pyswarms.discrete.binary - INFO - Optimization finished | best cost: 0.0, best pos: [1 1 1 1 0 0 0 0]
2022-04-25 01:57:58,904 - pyswarms.discrete.binary - INFO - Optimize for 100 iters with {'c1': 0.5, 'c2': 0.5, 'w': 0.1, 'k': 9, 'p': 2}
2022-04-25 01:57:59,009 - pyswarms.discrete.binary - INFO - Optimization finished | best cost: 0.0, best pos: [0 1 1 0 0 1 1 0 1]
2022-04-25 01:57:59,019 - pyswarms.discrete.binary - INFO - Optimize for 100 iters with {'c1': 0.5, 'c2': 0.5, 'w': 0.1, 'k': 13, 'p': 2}
2022-04-25 01:57:59,123 - pyswarms.discrete.binary - INFO - Optimization finished | best cost: 0.0, best pos: [0 1 1 0 0 1 0 1 1 0 1 0 1]
2022-04-25 01:57:59,126 - pyswarms.discrete.binary - INFO - Optimize for 100 iters with {'c1': 0.5, 'c2': 0.5, 'w': 0.1, 'k': 20, 'p': 2}
2022-04-25 01:57:59,316 - pyswarms.discrete.binary - INFO - Optimization finished | best cost: 0.0, best pos: [0 1 0 1 0 0 1 0 1 1 1 1 1 0 1 1 1 1 1 1]
2022-04-25 01:57:59,344 - pyswarms.discrete.binary - INFO - Optimize for 100 iters with {'c1': 0.5, 'c2': 0.5, 'w': 0.1, 'k': 8, 'p': 2}
2022-04-25 01:57:59,430 - pyswarms.discrete.binary - INFO - Optimization finished | best cost: 0.0, best pos: [1 1 1 1 1 1 0 0]
2022-04-25 01:57:59,433 - pyswarms.discrete.binary - INFO - Optimize for 100 iters with {'c1': 0.5, 'c2': 0.5, 'w': 0.1, 'k': 9, 'p': 2}
2022-04-25 01:57:59,501 - pyswarms.discrete.binary - INFO - Optimization finished | best cost: 0.0, best pos: [0 0 1 0 0 0 1 0 1]
2022-04-25 01:57:59,503 - pyswarms.discrete.binary - INFO - Optimize for 100 iters with {'c1': 0.5, 'c2': 0.5, 'w': 0.1, 'k': 13, 'p': 2}
2022-04-25 01:57:59,645 - pyswarms.discrete.binary - INFO - Optimization finished | best cost: 0.0, best pos: [1 1 1 0 1 0 0 0 1 0 1 1 1]
2022-04-25 01:57:59,648 - pyswarms.discrete.binary - INFO - Optimize for 100 iters with {'c1': 0.5, 'c2': 0.5, 'w': 0.1, 'k': 20, 'p': 2}
2022-04-25 01:57:59,886 - pyswarms.discrete.binary - INFO - Optimization finished | best cost: 0.0, best pos: [1 1 0 0 0 0 1 0 0 1 0 1 0 1 0 1 0 1 0 0]
2022-04-25 01:57:59,887 - pyswarms.discrete.binary - INFO - Optimize for 100 iters with {'c1': 0.5, 'c2': 0.5, 'w': 0.1, 'k': 8, 'p': 2}
2022-04-25 01:58:00,018 - pyswarms.discrete.binary - INFO - Optimization finished | best cost: 0.0, best pos: [1 0 0 1 0 1 1 0]
2022-04-25 01:58:00,021 - pyswarms.discrete.binary - INFO - Optimize for 100 iters with {'c1': 0.5, 'c2': 0.5, 'w': 0.1, 'k': 9, 'p': 2}
2022-04-25 01:58:00,094 - pyswarms.discrete.binary - INFO - Optimization finished | best cost: 0.0, best pos: [0 0 0 0 1 0 1 1 0]
2022-04-25 01:58:00,096 - pyswarms.discrete.binary - INFO - Optimize for 100 iters with {'c1': 0.5, 'c2': 0.5, 'w': 0.1, 'k': 13, 'p': 2}
2022-04-25 01:58:00,242 - pyswarms.discrete.binary - INFO - Optimization finished | best cost: 0.0, best pos: [0 0 0 1 0 1 0 0 1 1 1 1 1]
2022-04-25 01:58:00,244 - pyswarms.discrete.binary - INFO - Optimize for 100 iters with {'c1': 0.5, 'c2': 0.5, 'w': 0.1, 'k': 20, 'p': 2}
2022-04-25 01:58:00,422 - pyswarms.discrete.binary - INFO - Optimization finished | best cost: 0.0, best pos: [0 0 1 0 1 0 1 0 0 0 1 1 1 1 1 1 0 1 1 0]
2022-04-25 01:58:00,425 - pyswarms.discrete.binary - INFO - Optimize for 100 iters with {'c1': 0.5, 'c2': 0.5, 'w': 0.1, 'k': 8, 'p': 2}
2022-04-25 01:58:00,567 - pyswarms.discrete.binary - INFO - Optimization finished | best cost: 0.0, best pos: [1 0 0 1 0 1 1 1]
2022-04-25 01:58:00,570 - pyswarms.discrete.binary - INFO - Optimize for 100 iters with {'c1': 0.5, 'c2': 0.5, 'w': 0.1, 'k': 9, 'p': 2}
2022-04-25 01:58:00,643 - pyswarms.discrete.binary - INFO - Optimization finished | best cost: 0.0, best pos: [1 0 1 1 0 0 1 1 0]
2022-04-25 01:58:00,646 - pyswarms.discrete.binary - INFO - Optimize for 100 iters with {'c1': 0.5, 'c2': 0.5, 'w': 0.1, 'k': 13, 'p': 2}
2022-04-25 01:58:00,786 - pyswarms.discrete.binary - INFO - Optimization finished | best cost: 0.0, best pos: [0 0 0 1 1 0 0 1 1 0 1 0 1]
2022-04-25 01:58:00,789 - pyswarms.discrete.binary - INFO - Optimize for 100 iters with {'c1': 0.5, 'c2': 0.5, 'w': 0.1, 'k': 20, 'p': 2}
2022-04-25 01:58:00,973 - pyswarms.discrete.binary - INFO - Optimization finished | best cost: 0.0, best pos: [1 1 0 0 0 1 1 0 1 1 0 0 0 0 0 1 0 1 0 0]
2022-04-25 01:58:00,975 - pyswarms.discrete.binary - INFO - Optimize for 100 iters with {'c1': 0.5, 'c2': 0.5, 'w': 0.1, 'k': 8, 'p': 2}
2022-04-25 01:58:01,111 - pyswarms.discrete.binary - INFO - Optimization finished | best cost: 0.0, best pos: [0 0 1 1 1 1 0 1]
2022-04-25 01:58:01,114 - pyswarms.discrete.binary - INFO - Optimize for 100 iters with {'c1': 0.5, 'c2': 0.5, 'w': 0.1, 'k': 9, 'p': 2}
2022-04-25 01:58:01,190 - pyswarms.discrete.binary - INFO - Optimization finished | best cost: 0.0, best pos: [0 0 1 0 1 0 1 1 1]
2022-04-25 01:58:01,191 - pyswarms.discrete.binary - INFO - Optimize for 100 iters with {'c1': 0.5, 'c2': 0.5, 'w': 0.1, 'k': 13, 'p': 2}
2022-04-25 01:58:01,335 - pyswarms.discrete.binary - INFO - Optimization finished | best cost: 0.0, best pos: [0 1 1 1 1 1 0 0 1 0 1 0 1]
2022-04-25 01:58:01,338 - pyswarms.discrete.binary - INFO - Optimize for 100 iters with {'c1': 0.5, 'c2': 0.5, 'w': 0.1, 'k': 20, 'p': 2}
2022-04-25 01:58:01,574 - pyswarms.discrete.binary - INFO - Optimization finished | best cost: 0.0, best pos: [0 1 1 1 1 0 1 0 1 0 0 1 0 0 1 1 1 1 1 0]
2022-04-25 01:58:01,577 - pyswarms.discrete.binary - INFO - Optimize for 100 iters with {'c1': 0.5, 'c2': 0.5, 'w': 0.1, 'k': 8, 'p': 2}
2022-04-25 01:58:01,715 - pyswarms.discrete.binary - INFO - Optimization finished | best cost: 0.0, best pos: [0 1 1 1 0 0 0 1]
2022-04-25 01:58:01,717 - pyswarms.discrete.binary - INFO - Optimize for 100 iters with {'c1': 0.5, 'c2': 0.5, 'w': 0.1, 'k': 9, 'p': 2}
2022-04-25 01:58:01,780 - pyswarms.discrete.binary - INFO - Optimization finished | best cost: 0.0, best pos: [0 0 1 1 0 1 1 1 0]
2022-04-25 01:58:01,782 - pyswarms.discrete.binary - INFO - Optimize for 100 iters with {'c1': 0.5, 'c2': 0.5, 'w': 0.1, 'k': 13, 'p': 2}
2022-04-25 01:58:01,938 - pyswarms.discrete.binary - INFO - Optimization finished | best cost: 0.0, best pos: [0 1 0 1 1 0 1 0 1 1 1 1 1]
2022-04-25 01:58:01,942 - pyswarms.discrete.binary - INFO - Optimize for 100 iters with {'c1': 0.5, 'c2': 0.5, 'w': 0.1, 'k': 20, 'p': 2}
2022-04-25 01:58:02,120 - pyswarms.discrete.binary - INFO - Optimization finished | best cost: 0.0, best pos: [0 0 0 0 1 0 1 1 0 1 1 1 1 0 1 1 0 1 1 0]
2022-04-25 01:58:02,122 - pyswarms.discrete.binary - INFO - Optimize for 100 iters with {'c1': 0.5, 'c2': 0.5, 'w': 0.1, 'k': 8, 'p': 2}
2022-04-25 01:58:02,257 - pyswarms.discrete.binary - INFO - Optimization finished | best cost: 0.0, best pos: [1 1 1 1 0 0 0 1]
2022-04-25 01:58:02,260 - pyswarms.discrete.binary - INFO - Optimize for 100 iters with {'c1': 0.5, 'c2': 0.5, 'w': 0.1, 'k': 9, 'p': 2}
2022-04-25 01:58:02,384 - pyswarms.discrete.binary - INFO - Optimization finished | best cost: 0.0, best pos: [0 0 0 0 0 0 1 0 1]
2022-04-25 01:58:02,389 - pyswarms.discrete.binary - INFO - Optimize for 100 iters with {'c1': 0.5, 'c2': 0.5, 'w': 0.1, 'k': 13, 'p': 2}
2022-04-25 01:58:02,478 - pyswarms.discrete.binary - INFO - Optimization finished | best cost: 0.0, best pos: [1 1 0 0 1 0 0 1 1 1 1 0 1]
2022-04-25 01:58:02,481 - pyswarms.discrete.binary - INFO - Optimize for 100 iters with {'c1': 0.5, 'c2': 0.5, 'w': 0.1, 'k': 20, 'p': 2}
2022-04-25 01:58:02,697 - pyswarms.discrete.binary - INFO - Optimization finished | best cost: 0.0, best pos: [0 0 1 1 1 0 1 1 1 1 1 0 1 0 0 1 1 1 0 0]
2022-04-25 01:58:02,699 - pyswarms.discrete.binary - INFO - Optimize for 100 iters with {'c1': 0.5, 'c2': 0.5, 'w': 0.1, 'k': 8, 'p': 2}
2022-04-25 01:58:02,790 - pyswarms.discrete.binary - INFO - Optimization finished | best cost: 0.0, best pos: [1 1 0 1 0 1 0 1]
2022-04-25 01:58:02,793 - pyswarms.discrete.binary - INFO - Optimize for 100 iters with {'c1': 0.5, 'c2': 0.5, 'w': 0.1, 'k': 9, 'p': 2}
2022-04-25 01:58:02,890 - pyswarms.discrete.binary - INFO - Optimization finished | best cost: 0.0, best pos: [1 1 1 1 1 0 1 0 0]
2022-04-25 01:58:02,895 - pyswarms.discrete.binary - INFO - Optimize for 100 iters with {'c1': 0.5, 'c2': 0.5, 'w': 0.1, 'k': 13, 'p': 2}
2022-04-25 01:58:03,009 - pyswarms.discrete.binary - INFO - Optimization finished | best cost: 0.0, best pos: [0 1 1 1 0 0 0 1 1 0 1 0 1]
2022-04-25 01:58:03,012 - pyswarms.discrete.binary - INFO - Optimize for 100 iters with {'c1': 0.5, 'c2': 0.5, 'w': 0.1, 'k': 20, 'p': 2}
2022-04-25 01:58:03,249 - pyswarms.discrete.binary - INFO - Optimization finished | best cost: 0.0, best pos: [1 0 1 0 1 1 1 1 1 0 0 1 0 0 0 1 0 0 1 1]
2022-04-25 01:58:03,252 - pyswarms.discrete.binary - INFO - Optimize for 100 iters with {'c1': 0.5, 'c2': 0.5, 'w': 0.1, 'k': 8, 'p': 2}
2022-04-25 01:58:03,390 - pyswarms.discrete.binary - INFO - Optimization finished | best cost: 0.0, best pos: [1 0 0 1 1 1 0 1]
2022-04-25 01:58:03,393 - pyswarms.discrete.binary - INFO - Optimize for 100 iters with {'c1': 0.5, 'c2': 0.5, 'w': 0.1, 'k': 9, 'p': 2}
2022-04-25 01:58:03,469 - pyswarms.discrete.binary - INFO - Optimization finished | best cost: 0.0, best pos: [1 0 1 1 1 1 1 1 0]
2022-04-25 01:58:03,471 - pyswarms.discrete.binary - INFO - Optimize for 100 iters with {'c1': 0.5, 'c2': 0.5, 'w': 0.1, 'k': 13, 'p': 2}
2022-04-25 01:58:03,610 - pyswarms.discrete.binary - INFO - Optimization finished | best cost: 0.0, best pos: [0 0 1 0 1 0 0 1 1 0 1 1 1]
2022-04-25 01:58:03,613 - pyswarms.discrete.binary - INFO - Optimize for 100 iters with {'c1': 0.5, 'c2': 0.5, 'w': 0.1, 'k': 20, 'p': 2}
2022-04-25 01:58:03,794 - pyswarms.discrete.binary - INFO - Optimization finished | best cost: 0.0, best pos: [1 0 0 1 0 0 1 0 1 0 0 0 0 1 1 1 0 1 1 1]
2022-04-25 01:58:03,797 - pyswarms.discrete.binary - INFO - Optimize for 100 iters with {'c1': 0.5, 'c2': 0.5, 'w': 0.1, 'k': 8, 'p': 2}
2022-04-25 01:58:03,862 - pyswarms.discrete.binary - INFO - Optimization finished | best cost: 0.0, best pos: [0 1 0 1 0 1 1 1]
2022-04-25 01:58:03,864 - pyswarms.discrete.binary - INFO - Optimize for 100 iters with {'c1': 0.5, 'c2': 0.5, 'w': 0.1, 'k': 9, 'p': 2}
2022-04-25 01:58:03,995 - pyswarms.discrete.binary - INFO - Optimization finished | best cost: 0.0, best pos: [1 1 1 0 0 0 1 1 0]
2022-04-25 01:58:03,998 - pyswarms.discrete.binary - INFO - Optimize for 100 iters with {'c1': 0.5, 'c2': 0.5, 'w': 0.1, 'k': 13, 'p': 2}
2022-04-25 01:58:04,069 - pyswarms.discrete.binary - INFO - Optimization finished | best cost: 0.0, best pos: [0 0 0 1 0 1 1 1 1 1 1 0 1]
2022-04-25 01:58:04,071 - pyswarms.discrete.binary - INFO - Optimize for 100 iters with {'c1': 0.5, 'c2': 0.5, 'w': 0.1, 'k': 20, 'p': 2}
2022-04-25 01:58:04,320 - pyswarms.discrete.binary - INFO - Optimization finished | best cost: 0.0, best pos: [1 0 1 1 0 0 1 0 0 1 1 0 1 0 0 1 1 1 1 1]
2022-04-25 01:58:04,322 - pyswarms.discrete.binary - INFO - Optimize for 100 iters with {'c1': 0.5, 'c2': 0.5, 'w': 0.1, 'k': 8, 'p': 2}
2022-04-25 01:58:04,388 - pyswarms.discrete.binary - INFO - Optimization finished | best cost: 0.0, best pos: [0 1 1 1 0 0 1 1]
2022-04-25 01:58:04,390 - pyswarms.discrete.binary - INFO - Optimize for 100 iters with {'c1': 0.5, 'c2': 0.5, 'w': 0.1, 'k': 9, 'p': 2}
2022-04-25 01:58:04,527 - pyswarms.discrete.binary - INFO - Optimization finished | best cost: 0.0, best pos: [0 1 1 1 1 0 1 1 1]
2022-04-25 01:58:04,535 - pyswarms.discrete.binary - INFO - Optimize for 100 iters with {'c1': 0.5, 'c2': 0.5, 'w': 0.1, 'k': 13, 'p': 2}
2022-04-25 01:58:04,620 - pyswarms.discrete.binary - INFO - Optimization finished | best cost: 0.0, best pos: [1 0 1 1 0 1 0 1 1 1 1 0 1]
2022-04-25 01:58:04,623 - pyswarms.discrete.binary - INFO - Optimize for 100 iters with {'c1': 0.5, 'c2': 0.5, 'w': 0.1, 'k': 20, 'p': 2}
2022-04-25 01:58:04,920 - pyswarms.discrete.binary - INFO - Optimization finished | best cost: 0.0, best pos: [1 0 1 0 1 0 1 1 0 0 0 1 1 0 1 1 0 0 1 1]
2022-04-25 01:58:04,923 - pyswarms.discrete.binary - INFO - Optimize for 100 iters with {'c1': 0.5, 'c2': 0.5, 'w': 0.1, 'k': 8, 'p': 2}
2022-04-25 01:58:04,994 - pyswarms.discrete.binary - INFO - Optimization finished | best cost: 0.0, best pos: [0 1 1 1 0 1 0 1]
2022-04-25 01:58:04,997 - pyswarms.discrete.binary - INFO - Optimize for 100 iters with {'c1': 0.5, 'c2': 0.5, 'w': 0.1, 'k': 9, 'p': 2}
2022-04-25 01:58:05,130 - pyswarms.discrete.binary - INFO - Optimization finished | best cost: 0.0, best pos: [0 0 1 0 1 0 1 0 0]
2022-04-25 01:58:05,132 - pyswarms.discrete.binary - INFO - Optimize for 100 iters with {'c1': 0.5, 'c2': 0.5, 'w': 0.1, 'k': 13, 'p': 2}
2022-04-25 01:58:05,211 - pyswarms.discrete.binary - INFO - Optimization finished | best cost: 0.0, best pos: [1 1 1 1 0 1 1 0 1 1 1 1 1]
2022-04-25 01:58:05,214 - pyswarms.discrete.binary - INFO - Optimize for 100 iters with {'c1': 0.5, 'c2': 0.5, 'w': 0.1, 'k': 20, 'p': 2}
2022-04-25 01:58:05,449 - pyswarms.discrete.binary - INFO - Optimization finished | best cost: 0.0, best pos: [1 1 1 0 0 1 1 0 1 0 1 0 1 1 1 1 1 1 0 0]
2022-04-25 01:58:05,452 - pyswarms.discrete.binary - INFO - Optimize for 100 iters with {'c1': 0.5, 'c2': 0.5, 'w': 0.1, 'k': 8, 'p': 2}
2022-04-25 01:58:05,517 - pyswarms.discrete.binary - INFO - Optimization finished | best cost: 0.0, best pos: [1 1 1 1 0 0 0 1]
2022-04-25 01:58:05,520 - pyswarms.discrete.binary - INFO - Optimize for 100 iters with {'c1': 0.5, 'c2': 0.5, 'w': 0.1, 'k': 9, 'p': 2}
2022-04-25 01:58:05,653 - pyswarms.discrete.binary - INFO - Optimization finished | best cost: 0.0, best pos: [0 1 1 0 1 0 1 1 0]
2022-04-25 01:58:05,657 - pyswarms.discrete.binary - INFO - Optimize for 100 iters with {'c1': 0.5, 'c2': 0.5, 'w': 0.1, 'k': 13, 'p': 2}
2022-04-25 01:58:05,741 - pyswarms.discrete.binary - INFO - Optimization finished | best cost: 0.0, best pos: [0 1 1 1 0 1 0 0 0 1 1 0 1]
2022-04-25 01:58:05,744 - pyswarms.discrete.binary - INFO - Optimize for 100 iters with {'c1': 0.5, 'c2': 0.5, 'w': 0.1, 'k': 20, 'p': 2}
2022-04-25 01:58:05,979 - pyswarms.discrete.binary - INFO - Optimization finished | best cost: 0.0, best pos: [1 1 0 0 1 0 1 0 0 0 1 1 1 0 0 1 1 1 0 0]
2022-04-25 01:58:05,983 - pyswarms.discrete.binary - INFO - Optimize for 100 iters with {'c1': 0.5, 'c2': 0.5, 'w': 0.1, 'k': 8, 'p': 2}
2022-04-25 01:58:06,055 - pyswarms.discrete.binary - INFO - Optimization finished | best cost: 0.0, best pos: [1 1 1 1 0 0 1 0]
2022-04-25 01:58:06,058 - pyswarms.discrete.binary - INFO - Optimize for 100 iters with {'c1': 0.5, 'c2': 0.5, 'w': 0.1, 'k': 9, 'p': 2}
2022-04-25 01:58:06,192 - pyswarms.discrete.binary - INFO - Optimization finished | best cost: 0.0, best pos: [0 1 1 0 1 0 1 1 0]
2022-04-25 01:58:06,194 - pyswarms.discrete.binary - INFO - Optimize for 100 iters with {'c1': 0.5, 'c2': 0.5, 'w': 0.1, 'k': 13, 'p': 2}
2022-04-25 01:58:06,269 - pyswarms.discrete.binary - INFO - Optimization finished | best cost: 0.0, best pos: [1 1 1 1 0 1 0 1 0 1 1 1 1]
2022-04-25 01:58:06,272 - pyswarms.discrete.binary - INFO - Optimize for 100 iters with {'c1': 0.5, 'c2': 0.5, 'w': 0.1, 'k': 20, 'p': 2}
2022-04-25 01:58:06,556 - pyswarms.discrete.binary - INFO - Optimization finished | best cost: 0.0, best pos: [0 0 0 1 1 1 1 1 0 1 0 0 0 1 1 1 0 1 0 0]
2022-04-25 01:58:06,561 - pyswarms.discrete.binary - INFO - Optimize for 100 iters with {'c1': 0.5, 'c2': 0.5, 'w': 0.1, 'k': 8, 'p': 2}
2022-04-25 01:58:06,632 - pyswarms.discrete.binary - INFO - Optimization finished | best cost: 0.0, best pos: [1 0 1 1 0 0 1 1]
2022-04-25 01:58:06,635 - pyswarms.discrete.binary - INFO - Optimize for 100 iters with {'c1': 0.5, 'c2': 0.5, 'w': 0.1, 'k': 9, 'p': 2}
2022-04-25 01:58:06,776 - pyswarms.discrete.binary - INFO - Optimization finished | best cost: 0.0, best pos: [1 1 0 1 0 0 1 1 1]
2022-04-25 01:58:06,778 - pyswarms.discrete.binary - INFO - Optimize for 100 iters with {'c1': 0.5, 'c2': 0.5, 'w': 0.1, 'k': 13, 'p': 2}
2022-04-25 01:58:06,853 - pyswarms.discrete.binary - INFO - Optimization finished | best cost: 0.0, best pos: [1 1 0 0 0 0 0 1 0 1 1 0 1]
2022-04-25 01:58:06,857 - pyswarms.discrete.binary - INFO - Optimize for 100 iters with {'c1': 0.5, 'c2': 0.5, 'w': 0.1, 'k': 20, 'p': 2}
2022-04-25 01:58:07,079 - pyswarms.discrete.binary - INFO - Optimization finished | best cost: 0.0, best pos: [0 1 1 1 0 1 1 0 1 1 1 1 0 1 1 1 0 1 1 1]
2022-04-25 01:58:07,082 - pyswarms.discrete.binary - INFO - Optimize for 100 iters with {'c1': 0.5, 'c2': 0.5, 'w': 0.1, 'k': 8, 'p': 2}
2022-04-25 01:58:07,173 - pyswarms.discrete.binary - INFO - Optimization finished | best cost: 0.0, best pos: [1 1 1 1 0 0 0 1]
2022-04-25 01:58:07,177 - pyswarms.discrete.binary - INFO - Optimize for 100 iters with {'c1': 0.5, 'c2': 0.5, 'w': 0.1, 'k': 9, 'p': 2}
2022-04-25 01:58:07,254 - pyswarms.discrete.binary - INFO - Optimization finished | best cost: 0.0, best pos: [1 0 0 1 1 1 1 0 0]
2022-04-25 01:58:07,256 - pyswarms.discrete.binary - INFO - Optimize for 100 iters with {'c1': 0.5, 'c2': 0.5, 'w': 0.1, 'k': 13, 'p': 2}
2022-04-25 01:58:07,408 - pyswarms.discrete.binary - INFO - Optimization finished | best cost: 0.0, best pos: [0 0 0 1 0 0 0 1 1 1 1 1 1]
2022-04-25 01:58:07,410 - pyswarms.discrete.binary - INFO - Optimize for 100 iters with {'c1': 0.5, 'c2': 0.5, 'w': 0.1, 'k': 20, 'p': 2}
2022-04-25 01:58:07,594 - pyswarms.discrete.binary - INFO - Optimization finished | best cost: 0.0, best pos: [0 1 1 1 1 0 1 0 1 0 1 1 1 1 0 1 1 1 1 1]
2022-04-25 01:58:07,596 - pyswarms.discrete.binary - INFO - Optimize for 100 iters with {'c1': 0.5, 'c2': 0.5, 'w': 0.1, 'k': 8, 'p': 2}
2022-04-25 01:58:07,726 - pyswarms.discrete.binary - INFO - Optimization finished | best cost: 0.0, best pos: [1 0 1 1 0 1 1 0]
2022-04-25 01:58:07,727 - pyswarms.discrete.binary - INFO - Optimize for 100 iters with {'c1': 0.5, 'c2': 0.5, 'w': 0.1, 'k': 9, 'p': 2}
2022-04-25 01:58:07,796 - pyswarms.discrete.binary - INFO - Optimization finished | best cost: 0.0, best pos: [1 0 1 1 1 0 1 0 1]
2022-04-25 01:58:07,798 - pyswarms.discrete.binary - INFO - Optimize for 100 iters with {'c1': 0.5, 'c2': 0.5, 'w': 0.1, 'k': 13, 'p': 2}
2022-04-25 01:58:07,940 - pyswarms.discrete.binary - INFO - Optimization finished | best cost: 0.0, best pos: [1 0 1 1 0 0 0 1 0 1 1 0 1]
2022-04-25 01:58:07,943 - pyswarms.discrete.binary - INFO - Optimize for 100 iters with {'c1': 0.5, 'c2': 0.5, 'w': 0.1, 'k': 20, 'p': 2}
2022-04-25 01:58:08,127 - pyswarms.discrete.binary - INFO - Optimization finished | best cost: 0.0, best pos: [1 0 1 1 1 0 1 1 0 0 0 0 0 0 0 1 1 0 0 1]
2022-04-25 01:58:08,129 - pyswarms.discrete.binary - INFO - Optimize for 100 iters with {'c1': 0.5, 'c2': 0.5, 'w': 0.1, 'k': 8, 'p': 2}
2022-04-25 01:58:08,301 - pyswarms.discrete.binary - INFO - Optimization finished | best cost: 0.0, best pos: [1 0 1 1 0 0 0 0]
2022-04-25 01:58:08,304 - pyswarms.discrete.binary - INFO - Optimize for 100 iters with {'c1': 0.5, 'c2': 0.5, 'w': 0.1, 'k': 9, 'p': 2}
2022-04-25 01:58:08,393 - pyswarms.discrete.binary - INFO - Optimization finished | best cost: 0.0, best pos: [1 1 0 0 1 1 1 0 1]
2022-04-25 01:58:08,396 - pyswarms.discrete.binary - INFO - Optimize for 100 iters with {'c1': 0.5, 'c2': 0.5, 'w': 0.1, 'k': 13, 'p': 2}
2022-04-25 01:58:08,474 - pyswarms.discrete.binary - INFO - Optimization finished | best cost: 0.0, best pos: [0 0 1 0 1 1 0 1 1 0 1 0 1]
2022-04-25 01:58:08,476 - pyswarms.discrete.binary - INFO - Optimize for 100 iters with {'c1': 0.5, 'c2': 0.5, 'w': 0.1, 'k': 20, 'p': 2}
2022-04-25 01:58:08,658 - pyswarms.discrete.binary - INFO - Optimization finished | best cost: 0.0, best pos: [0 1 0 0 0 0 1 0 1 1 1 0 1 0 0 1 0 1 1 0]
2022-04-25 01:58:08,660 - pyswarms.discrete.binary - INFO - Optimize for 100 iters with {'c1': 0.5, 'c2': 0.5, 'w': 0.1, 'k': 8, 'p': 2}
2022-04-25 01:58:08,803 - pyswarms.discrete.binary - INFO - Optimization finished | best cost: 0.0, best pos: [0 0 0 1 1 0 0 0]
2022-04-25 01:58:08,805 - pyswarms.discrete.binary - INFO - Optimize for 100 iters with {'c1': 0.5, 'c2': 0.5, 'w': 0.1, 'k': 9, 'p': 2}
2022-04-25 01:58:08,879 - pyswarms.discrete.binary - INFO - Optimization finished | best cost: 0.0, best pos: [0 0 0 0 1 0 1 1 1]
2022-04-25 01:58:08,881 - pyswarms.discrete.binary - INFO - Optimize for 100 iters with {'c1': 0.5, 'c2': 0.5, 'w': 0.1, 'k': 13, 'p': 2}
2022-04-25 01:58:09,024 - pyswarms.discrete.binary - INFO - Optimization finished | best cost: 0.0, best pos: [0 1 0 0 0 1 0 0 1 0 1 0 1]
2022-04-25 01:58:09,027 - pyswarms.discrete.binary - INFO - Optimize for 100 iters with {'c1': 0.5, 'c2': 0.5, 'w': 0.1, 'k': 20, 'p': 2}
2022-04-25 01:58:09,195 - pyswarms.discrete.binary - INFO - Optimization finished | best cost: 0.0, best pos: [0 1 0 0 1 1 1 0 0 1 0 0 0 0 0 1 1 0 1 1]
2022-04-25 01:58:09,198 - pyswarms.discrete.binary - INFO - Optimize for 100 iters with {'c1': 0.5, 'c2': 0.5, 'w': 0.1, 'k': 8, 'p': 2}
2022-04-25 01:58:09,333 - pyswarms.discrete.binary - INFO - Optimization finished | best cost: 0.0, best pos: [0 1 0 1 0 1 0 0]
2022-04-25 01:58:09,335 - pyswarms.discrete.binary - INFO - Optimize for 100 iters with {'c1': 0.5, 'c2': 0.5, 'w': 0.1, 'k': 9, 'p': 2}
2022-04-25 01:58:09,402 - pyswarms.discrete.binary - INFO - Optimization finished | best cost: 0.0, best pos: [1 1 0 0 0 1 1 0 1]
2022-04-25 01:58:09,404 - pyswarms.discrete.binary - INFO - Optimize for 100 iters with {'c1': 0.5, 'c2': 0.5, 'w': 0.1, 'k': 13, 'p': 2}
2022-04-25 01:58:09,567 - pyswarms.discrete.binary - INFO - Optimization finished | best cost: 0.0, best pos: [0 0 1 1 0 0 0 1 1 1 1 1 1]
2022-04-25 01:58:09,570 - pyswarms.discrete.binary - INFO - Optimize for 100 iters with {'c1': 0.5, 'c2': 0.5, 'w': 0.1, 'k': 20, 'p': 2}
2022-04-25 01:58:09,745 - pyswarms.discrete.binary - INFO - Optimization finished | best cost: 0.0, best pos: [0 1 1 1 1 1 1 0 1 0 0 0 1 1 1 0 0 1 0 1]
2022-04-25 01:58:09,747 - pyswarms.discrete.binary - INFO - Optimize for 100 iters with {'c1': 0.5, 'c2': 0.5, 'w': 0.1, 'k': 8, 'p': 2}
2022-04-25 01:58:09,883 - pyswarms.discrete.binary - INFO - Optimization finished | best cost: 0.0, best pos: [0 1 0 1 1 0 0 1]
2022-04-25 01:58:09,885 - pyswarms.discrete.binary - INFO - Optimize for 100 iters with {'c1': 0.5, 'c2': 0.5, 'w': 0.1, 'k': 9, 'p': 2}
2022-04-25 01:58:09,955 - pyswarms.discrete.binary - INFO - Optimization finished | best cost: 0.0, best pos: [0 0 0 0 1 1 1 1 0]
2022-04-25 01:58:09,956 - pyswarms.discrete.binary - INFO - Optimize for 100 iters with {'c1': 0.5, 'c2': 0.5, 'w': 0.1, 'k': 13, 'p': 2}
2022-04-25 01:58:10,152 - pyswarms.discrete.binary - INFO - Optimization finished | best cost: 0.0, best pos: [0 0 1 0 1 0 0 1 1 0 1 0 1]
2022-04-25 01:58:10,156 - pyswarms.discrete.binary - INFO - Optimize for 100 iters with {'c1': 0.5, 'c2': 0.5, 'w': 0.1, 'k': 20, 'p': 2}
2022-04-25 01:58:10,368 - pyswarms.discrete.binary - INFO - Optimization finished | best cost: 0.0, best pos: [1 1 0 1 0 0 1 1 1 0 0 0 1 0 0 0 1 1 0 1]
2022-04-25 01:58:10,388 - pyswarms.discrete.binary - INFO - Optimize for 100 iters with {'c1': 0.5, 'c2': 0.5, 'w': 0.1, 'k': 8, 'p': 2}
2022-04-25 01:58:10,485 - pyswarms.discrete.binary - INFO - Optimization finished | best cost: 0.0, best pos: [0 0 0 1 0 1 0 0]
2022-04-25 01:58:10,488 - pyswarms.discrete.binary - INFO - Optimize for 100 iters with {'c1': 0.5, 'c2': 0.5, 'w': 0.1, 'k': 9, 'p': 2}
2022-04-25 01:58:10,552 - pyswarms.discrete.binary - INFO - Optimization finished | best cost: 0.0, best pos: [1 0 1 1 0 1 1 0 0]
2022-04-25 01:58:10,564 - pyswarms.discrete.binary - INFO - Optimize for 100 iters with {'c1': 0.5, 'c2': 0.5, 'w': 0.1, 'k': 13, 'p': 2}
2022-04-25 01:58:10,701 - pyswarms.discrete.binary - INFO - Optimization finished | best cost: 0.0, best pos: [0 0 0 1 0 0 1 0 0 1 0 1 1]
2022-04-25 01:58:10,704 - pyswarms.discrete.binary - INFO - Optimize for 100 iters with {'c1': 0.5, 'c2': 0.5, 'w': 0.1, 'k': 20, 'p': 2}
2022-04-25 01:58:10,903 - pyswarms.discrete.binary - INFO - Optimization finished | best cost: 0.0, best pos: [1 0 1 0 0 0 1 0 0 1 1 1 0 0 1 1 0 1 1 0]
2022-04-25 01:58:10,906 - pyswarms.discrete.binary - INFO - Optimize for 100 iters with {'c1': 0.5, 'c2': 0.5, 'w': 0.1, 'k': 8, 'p': 2}
2022-04-25 01:58:11,053 - pyswarms.discrete.binary - INFO - Optimization finished | best cost: 0.0, best pos: [1 0 1 1 0 0 1 0]
2022-04-25 01:58:11,056 - pyswarms.discrete.binary - INFO - Optimize for 100 iters with {'c1': 0.5, 'c2': 0.5, 'w': 0.1, 'k': 9, 'p': 2}
2022-04-25 01:58:11,135 - pyswarms.discrete.binary - INFO - Optimization finished | best cost: 0.0, best pos: [1 1 1 1 1 1 1 1 1]
2022-04-25 01:58:11,137 - pyswarms.discrete.binary - INFO - Optimize for 100 iters with {'c1': 0.5, 'c2': 0.5, 'w': 0.1, 'k': 13, 'p': 2}
2022-04-25 01:58:11,290 - pyswarms.discrete.binary - INFO - Optimization finished | best cost: 0.0, best pos: [0 1 1 0 0 0 0 1 1 0 0 0 1]
2022-04-25 01:58:11,293 - pyswarms.discrete.binary - INFO - Optimize for 100 iters with {'c1': 0.5, 'c2': 0.5, 'w': 0.1, 'k': 20, 'p': 2}
2022-04-25 01:58:11,475 - pyswarms.discrete.binary - INFO - Optimization finished | best cost: 0.0, best pos: [1 0 1 0 1 0 1 1 1 0 0 1 1 0 0 0 0 1 1 0]
2022-04-25 01:58:11,487 - pyswarms.discrete.binary - INFO - Optimize for 100 iters with {'c1': 0.5, 'c2': 0.5, 'w': 0.1, 'k': 8, 'p': 2}
2022-04-25 01:58:11,612 - pyswarms.discrete.binary - INFO - Optimization finished | best cost: 0.0, best pos: [0 0 1 1 0 0 0 0]
2022-04-25 01:58:11,614 - pyswarms.discrete.binary - INFO - Optimize for 100 iters with {'c1': 0.5, 'c2': 0.5, 'w': 0.1, 'k': 9, 'p': 2}
2022-04-25 01:58:11,685 - pyswarms.discrete.binary - INFO - Optimization finished | best cost: 0.0, best pos: [1 1 1 1 1 0 1 0 0]
2022-04-25 01:58:11,688 - pyswarms.discrete.binary - INFO - Optimize for 100 iters with {'c1': 0.5, 'c2': 0.5, 'w': 0.1, 'k': 13, 'p': 2}
2022-04-25 01:58:11,900 - pyswarms.discrete.binary - INFO - Optimization finished | best cost: 0.0, best pos: [1 1 0 1 0 1 0 0 1 1 1 1 1]
2022-04-25 01:58:11,903 - pyswarms.discrete.binary - INFO - Optimize for 100 iters with {'c1': 0.5, 'c2': 0.5, 'w': 0.1, 'k': 20, 'p': 2}
2022-04-25 01:58:12,078 - pyswarms.discrete.binary - INFO - Optimization finished | best cost: 0.0, best pos: [1 1 1 1 0 0 1 0 0 0 0 1 1 1 0 1 0 0 0 0]
2022-04-25 01:58:12,080 - pyswarms.discrete.binary - INFO - Optimize for 100 iters with {'c1': 0.5, 'c2': 0.5, 'w': 0.1, 'k': 8, 'p': 2}
2022-04-25 01:58:12,143 - pyswarms.discrete.binary - INFO - Optimization finished | best cost: 0.0, best pos: [1 0 0 1 1 1 1 1]
2022-04-25 01:58:12,145 - pyswarms.discrete.binary - INFO - Optimize for 100 iters with {'c1': 0.5, 'c2': 0.5, 'w': 0.1, 'k': 9, 'p': 2}
2022-04-25 01:58:12,278 - pyswarms.discrete.binary - INFO - Optimization finished | best cost: 0.0, best pos: [0 1 1 0 0 0 1 1 1]
2022-04-25 01:58:12,281 - pyswarms.discrete.binary - INFO - Optimize for 100 iters with {'c1': 0.5, 'c2': 0.5, 'w': 0.1, 'k': 13, 'p': 2}
2022-04-25 01:58:12,417 - pyswarms.discrete.binary - INFO - Optimization finished | best cost: 0.0, best pos: [0 1 1 1 1 1 0 0 0 1 1 0 1]
2022-04-25 01:58:12,422 - pyswarms.discrete.binary - INFO - Optimize for 100 iters with {'c1': 0.5, 'c2': 0.5, 'w': 0.1, 'k': 20, 'p': 2}
2022-04-25 01:58:12,615 - pyswarms.discrete.binary - INFO - Optimization finished | best cost: 0.0, best pos: [0 0 0 0 1 1 1 0 1 0 0 1 1 1 1 0 0 0 0 1]
2022-04-25 01:58:12,617 - pyswarms.discrete.binary - INFO - Optimize for 100 iters with {'c1': 0.5, 'c2': 0.5, 'w': 0.1, 'k': 8, 'p': 2}
2022-04-25 01:58:12,730 - pyswarms.discrete.binary - INFO - Optimization finished | best cost: 0.0, best pos: [1 0 1 1 0 0 1 1]
2022-04-25 01:58:12,732 - pyswarms.discrete.binary - INFO - Optimize for 100 iters with {'c1': 0.5, 'c2': 0.5, 'w': 0.1, 'k': 9, 'p': 2}
2022-04-25 01:58:12,815 - pyswarms.discrete.binary - INFO - Optimization finished | best cost: 0.0, best pos: [1 1 1 1 1 0 1 1 0]
2022-04-25 01:58:12,818 - pyswarms.discrete.binary - INFO - Optimize for 100 iters with {'c1': 0.5, 'c2': 0.5, 'w': 0.1, 'k': 13, 'p': 2}
2022-04-25 01:58:12,948 - pyswarms.discrete.binary - INFO - Optimization finished | best cost: 0.0, best pos: [1 0 0 0 0 1 1 1 1 1 0 1 1]
2022-04-25 01:58:12,950 - pyswarms.discrete.binary - INFO - Optimize for 100 iters with {'c1': 0.5, 'c2': 0.5, 'w': 0.1, 'k': 20, 'p': 2}
2022-04-25 01:58:13,143 - pyswarms.discrete.binary - INFO - Optimization finished | best cost: 0.0, best pos: [0 1 1 0 0 1 1 0 0 1 0 1 1 0 0 0 1 0 0 1]
2022-04-25 01:58:13,145 - pyswarms.discrete.binary - INFO - Optimize for 100 iters with {'c1': 0.5, 'c2': 0.5, 'w': 0.1, 'k': 8, 'p': 2}
2022-04-25 01:58:13,214 - pyswarms.discrete.binary - INFO - Optimization finished | best cost: 0.0, best pos: [0 1 1 1 1 0 0 1]
2022-04-25 01:58:13,216 - pyswarms.discrete.binary - INFO - Optimize for 100 iters with {'c1': 0.5, 'c2': 0.5, 'w': 0.1, 'k': 9, 'p': 2}
2022-04-25 01:58:13,357 - pyswarms.discrete.binary - INFO - Optimization finished | best cost: 0.0, best pos: [0 0 1 0 0 0 1 1 0]
2022-04-25 01:58:13,360 - pyswarms.discrete.binary - INFO - Optimize for 100 iters with {'c1': 0.5, 'c2': 0.5, 'w': 0.1, 'k': 13, 'p': 2}
2022-04-25 01:58:13,533 - pyswarms.discrete.binary - INFO - Optimization finished | best cost: 0.0, best pos: [1 1 0 0 1 1 0 1 0 0 1 1 1]
2022-04-25 01:58:13,536 - pyswarms.discrete.binary - INFO - Optimize for 100 iters with {'c1': 0.5, 'c2': 0.5, 'w': 0.1, 'k': 20, 'p': 2}
2022-04-25 01:58:13,727 - pyswarms.discrete.binary - INFO - Optimization finished | best cost: 0.0, best pos: [0 1 0 1 0 0 1 0 1 0 0 0 0 1 1 0 1 0 0 1]
2022-04-25 01:58:13,729 - pyswarms.discrete.binary - INFO - Optimize for 100 iters with {'c1': 0.5, 'c2': 0.5, 'w': 0.1, 'k': 8, 'p': 2}
2022-04-25 01:58:13,803 - pyswarms.discrete.binary - INFO - Optimization finished | best cost: 0.0, best pos: [0 0 0 1 0 0 0 0]
2022-04-25 01:58:13,805 - pyswarms.discrete.binary - INFO - Optimize for 100 iters with {'c1': 0.5, 'c2': 0.5, 'w': 0.1, 'k': 9, 'p': 2}
2022-04-25 01:58:13,946 - pyswarms.discrete.binary - INFO - Optimization finished | best cost: 0.0, best pos: [1 1 1 0 1 0 1 1 0]
2022-04-25 01:58:13,948 - pyswarms.discrete.binary - INFO - Optimize for 100 iters with {'c1': 0.5, 'c2': 0.5, 'w': 0.1, 'k': 13, 'p': 2}
2022-04-25 01:58:14,025 - pyswarms.discrete.binary - INFO - Optimization finished | best cost: 0.0, best pos: [0 1 1 0 0 1 1 1 1 0 1 0 1]
2022-04-25 01:58:14,027 - pyswarms.discrete.binary - INFO - Optimize for 100 iters with {'c1': 0.5, 'c2': 0.5, 'w': 0.1, 'k': 20, 'p': 2}
2022-04-25 01:58:14,260 - pyswarms.discrete.binary - INFO - Optimization finished | best cost: 0.0, best pos: [0 0 1 0 0 1 1 0 0 0 0 0 0 0 0 1 1 1 1 1]
2022-04-25 01:58:14,263 - pyswarms.discrete.binary - INFO - Optimize for 100 iters with {'c1': 0.5, 'c2': 0.5, 'w': 0.1, 'k': 8, 'p': 2}
2022-04-25 01:58:14,341 - pyswarms.discrete.binary - INFO - Optimization finished | best cost: 0.0, best pos: [0 0 1 1 1 0 1 0]
2022-04-25 01:58:14,344 - pyswarms.discrete.binary - INFO - Optimize for 100 iters with {'c1': 0.5, 'c2': 0.5, 'w': 0.1, 'k': 9, 'p': 2}
2022-04-25 01:58:14,483 - pyswarms.discrete.binary - INFO - Optimization finished | best cost: 0.0, best pos: [0 0 0 1 1 1 1 0 1]
2022-04-25 01:58:14,486 - pyswarms.discrete.binary - INFO - Optimize for 100 iters with {'c1': 0.5, 'c2': 0.5, 'w': 0.1, 'k': 13, 'p': 2}
2022-04-25 01:58:14,573 - pyswarms.discrete.binary - INFO - Optimization finished | best cost: 0.0, best pos: [0 0 1 1 1 1 0 1 0 1 1 0 1]
2022-04-25 01:58:14,576 - pyswarms.discrete.binary - INFO - Optimize for 100 iters with {'c1': 0.5, 'c2': 0.5, 'w': 0.1, 'k': 20, 'p': 2}
2022-04-25 01:58:14,848 - pyswarms.discrete.binary - INFO - Optimization finished | best cost: 0.0, best pos: [1 0 0 0 1 1 1 1 0 1 1 0 1 1 1 0 1 0 1 0]
2022-04-25 01:58:14,852 - pyswarms.discrete.binary - INFO - Optimize for 100 iters with {'c1': 0.5, 'c2': 0.5, 'w': 0.1, 'k': 8, 'p': 2}
2022-04-25 01:58:14,926 - pyswarms.discrete.binary - INFO - Optimization finished | best cost: 0.0, best pos: [1 0 1 1 0 0 0 1]
2022-04-25 01:58:14,929 - pyswarms.discrete.binary - INFO - Optimize for 100 iters with {'c1': 0.5, 'c2': 0.5, 'w': 0.1, 'k': 9, 'p': 2}
2022-04-25 01:58:15,062 - pyswarms.discrete.binary - INFO - Optimization finished | best cost: 0.0, best pos: [0 1 1 1 0 1 1 1 1]
2022-04-25 01:58:15,064 - pyswarms.discrete.binary - INFO - Optimize for 100 iters with {'c1': 0.5, 'c2': 0.5, 'w': 0.1, 'k': 13, 'p': 2}
2022-04-25 01:58:15,139 - pyswarms.discrete.binary - INFO - Optimization finished | best cost: 0.0, best pos: [1 1 0 0 1 1 0 0 0 1 0 0 1]
2022-04-25 01:58:15,142 - pyswarms.discrete.binary - INFO - Optimize for 100 iters with {'c1': 0.5, 'c2': 0.5, 'w': 0.1, 'k': 20, 'p': 2}
2022-04-25 01:58:15,470 - pyswarms.discrete.binary - INFO - Optimization finished | best cost: 0.0, best pos: [1 0 0 1 1 1 1 0 1 0 1 0 0 1 0 1 1 1 1 1]
2022-04-25 01:58:15,475 - pyswarms.discrete.binary - INFO - Optimize for 100 iters with {'c1': 0.5, 'c2': 0.5, 'w': 0.1, 'k': 8, 'p': 2}
2022-04-25 01:58:15,561 - pyswarms.discrete.binary - INFO - Optimization finished | best cost: 0.0, best pos: [1 0 1 1 0 0 0 0]
2022-04-25 01:58:15,564 - pyswarms.discrete.binary - INFO - Optimize for 100 iters with {'c1': 0.5, 'c2': 0.5, 'w': 0.1, 'k': 9, 'p': 2}
2022-04-25 01:58:15,673 - pyswarms.discrete.binary - INFO - Optimization finished | best cost: 0.0, best pos: [1 1 1 0 1 1 1 1 1]
2022-04-25 01:58:15,699 - pyswarms.discrete.binary - INFO - Optimize for 100 iters with {'c1': 0.5, 'c2': 0.5, 'w': 0.1, 'k': 13, 'p': 2}
2022-04-25 01:58:15,794 - pyswarms.discrete.binary - INFO - Optimization finished | best cost: 0.0, best pos: [1 1 1 0 1 1 1 1 1 0 1 0 1]
2022-04-25 01:58:15,797 - pyswarms.discrete.binary - INFO - Optimize for 100 iters with {'c1': 0.5, 'c2': 0.5, 'w': 0.1, 'k': 20, 'p': 2}
2022-04-25 01:58:15,981 - pyswarms.discrete.binary - INFO - Optimization finished | best cost: 0.0, best pos: [0 1 0 0 0 0 1 1 1 0 0 0 0 0 0 0 1 0 1 0]
2022-04-25 01:58:15,983 - pyswarms.discrete.binary - INFO - Optimize for 100 iters with {'c1': 0.5, 'c2': 0.5, 'w': 0.1, 'k': 8, 'p': 2}
2022-04-25 01:58:16,126 - pyswarms.discrete.binary - INFO - Optimization finished | best cost: 0.0, best pos: [1 1 0 1 0 1 0 0]
2022-04-25 01:58:16,128 - pyswarms.discrete.binary - INFO - Optimize for 100 iters with {'c1': 0.5, 'c2': 0.5, 'w': 0.1, 'k': 9, 'p': 2}
2022-04-25 01:58:16,199 - pyswarms.discrete.binary - INFO - Optimization finished | best cost: 0.0, best pos: [0 1 0 1 1 0 1 0 1]
2022-04-25 01:58:16,202 - pyswarms.discrete.binary - INFO - Optimize for 100 iters with {'c1': 0.5, 'c2': 0.5, 'w': 0.1, 'k': 13, 'p': 2}
2022-04-25 01:58:16,348 - pyswarms.discrete.binary - INFO - Optimization finished | best cost: 0.0, best pos: [1 1 0 1 0 0 1 1 1 1 0 0 1]
2022-04-25 01:58:16,351 - pyswarms.discrete.binary - INFO - Optimize for 100 iters with {'c1': 0.5, 'c2': 0.5, 'w': 0.1, 'k': 20, 'p': 2}
2022-04-25 01:58:16,433 - pyswarms.discrete.binary - INFO - Optimization finished | best cost: 0.0, best pos: [0 0 1 1 1 1 1 0 1 0 0 1 1 0 1 0 1 0 0 1]
2022-04-25 01:58:16,434 - pyswarms.discrete.binary - INFO - Optimize for 100 iters with {'c1': 0.5, 'c2': 0.5, 'w': 0.1, 'k': 8, 'p': 2}
2022-04-25 01:58:16,477 - pyswarms.discrete.binary - INFO - Optimization finished | best cost: 0.0, best pos: [1 0 1 1 0 0 1 1]
2022-04-25 01:58:16,478 - pyswarms.discrete.binary - INFO - Optimize for 100 iters with {'c1': 0.5, 'c2': 0.5, 'w': 0.1, 'k': 9, 'p': 2}
2022-04-25 01:58:16,521 - pyswarms.discrete.binary - INFO - Optimization finished | best cost: 0.0, best pos: [1 1 0 0 0 0 1 0 1]
2022-04-25 01:58:34,741 - pyswarms.discrete.binary - INFO - Optimize for 100 iters with {'c1': 0.5, 'c2': 0.5, 'w': 0.1, 'k': 14, 'p': 2}
2022-04-25 01:58:34,887 - pyswarms.discrete.binary - INFO - Optimization finished | best cost: 0.03571428571428571, best pos: [1 1 1 1 1 1 1 1 1 1 1 0 1 1]
2022-04-25 01:58:34,889 - pyswarms.discrete.binary - INFO - Optimize for 100 iters with {'c1': 0.5, 'c2': 0.5, 'w': 0.1, 'k': 22, 'p': 2}
2022-04-25 01:58:35,034 - pyswarms.discrete.binary - INFO - Optimization finished | best cost: 0.03409090909090909, best pos: [1 1 1 1 1 0 0 1 1 1 1 1 1 1 0 1 1 1 1 1 1 1]
2022-04-25 01:58:35,036 - pyswarms.discrete.binary - INFO - Optimize for 100 iters with {'c1': 0.5, 'c2': 0.5, 'w': 0.1, 'k': 14, 'p': 2}
2022-04-25 01:58:35,094 - pyswarms.discrete.binary - INFO - Optimization finished | best cost: 0.017857142857142856, best pos: [1 0 1 1 1 1 1 1 1 1 1 1 1 1]
2022-04-25 01:58:35,096 - pyswarms.discrete.binary - INFO - Optimize for 100 iters with {'c1': 0.5, 'c2': 0.5, 'w': 0.1, 'k': 14, 'p': 2}
2022-04-25 01:58:35,208 - pyswarms.discrete.binary - INFO - Optimization finished | best cost: 0.0, best pos: [1 1 1 1 1 1 1 1 0 0 1 1 1 1]
2022-04-25 01:58:35,210 - pyswarms.discrete.binary - INFO - Optimize for 100 iters with {'c1': 0.5, 'c2': 0.5, 'w': 0.1, 'k': 22, 'p': 2}
2022-04-25 01:58:35,385 - pyswarms.discrete.binary - INFO - Optimization finished | best cost: 0.02072561501166134, best pos: [1 1 1 1 1 1 1 1 0 1 1 1 1 0 1 1 1 0 1 1 1 1]
2022-04-25 01:58:35,387 - pyswarms.discrete.binary - INFO - Optimize for 100 iters with {'c1': 0.5, 'c2': 0.5, 'w': 0.1, 'k': 14, 'p': 2}
2022-04-25 01:58:35,451 - pyswarms.discrete.binary - INFO - Optimization finished | best cost: 0.0059602907563702555, best pos: [0 1 1 1 1 1 1 0 1 1 1 1 1 1]
2022-04-25 01:58:35,453 - pyswarms.discrete.binary - INFO - Optimize for 100 iters with {'c1': 0.5, 'c2': 0.5, 'w': 0.1, 'k': 14, 'p': 2}
2022-04-25 01:58:35,573 - pyswarms.discrete.binary - INFO - Optimization finished | best cost: 0.0, best pos: [0 1 1 1 1 1 0 1 1 1 1 1 1 1]
2022-04-25 01:58:35,576 - pyswarms.discrete.binary - INFO - Optimize for 100 iters with {'c1': 0.5, 'c2': 0.5, 'w': 0.1, 'k': 22, 'p': 2}
2022-04-25 01:58:35,737 - pyswarms.discrete.binary - INFO - Optimization finished | best cost: 0.01055830274585653, best pos: [1 0 1 1 0 1 1 1 1 0 0 1 1 1 1 1 1 1 0 0 1 1]
2022-04-25 01:58:35,739 - pyswarms.discrete.binary - INFO - Optimize for 100 iters with {'c1': 0.5, 'c2': 0.5, 'w': 0.1, 'k': 14, 'p': 2}
2022-04-25 01:58:35,797 - pyswarms.discrete.binary - INFO - Optimization finished | best cost: 0.000761952558889671, best pos: [1 0 1 1 1 1 0 1 1 1 1 1 1 1]
2022-04-25 01:58:35,799 - pyswarms.discrete.binary - INFO - Optimize for 100 iters with {'c1': 0.5, 'c2': 0.5, 'w': 0.1, 'k': 14, 'p': 2}
2022-04-25 01:58:35,906 - pyswarms.discrete.binary - INFO - Optimization finished | best cost: 0.0, best pos: [1 0 1 1 1 0 1 1 1 0 0 1 1 1]
2022-04-25 01:58:35,909 - pyswarms.discrete.binary - INFO - Optimize for 100 iters with {'c1': 0.5, 'c2': 0.5, 'w': 0.1, 'k': 22, 'p': 2}
2022-04-25 01:58:36,055 - pyswarms.discrete.binary - INFO - Optimization finished | best cost: 0.006527305998599315, best pos: [1 1 1 1 1 1 0 1 1 1 1 1 1 1 1 1 0 0 1 0 1 1]
2022-04-25 01:58:36,057 - pyswarms.discrete.binary - INFO - Optimize for 100 iters with {'c1': 0.5, 'c2': 0.5, 'w': 0.1, 'k': 14, 'p': 2}
2022-04-25 01:58:36,115 - pyswarms.discrete.binary - INFO - Optimization finished | best cost: 0.0, best pos: [0 0 1 1 1 1 1 0 1 1 0 0 1 0]
2022-04-25 01:58:36,117 - pyswarms.discrete.binary - INFO - Optimize for 100 iters with {'c1': 0.5, 'c2': 0.5, 'w': 0.1, 'k': 14, 'p': 2}
2022-04-25 01:58:36,231 - pyswarms.discrete.binary - INFO - Optimization finished | best cost: 0.0, best pos: [1 1 1 1 1 0 1 0 1 1 1 1 0 1]
2022-04-25 01:58:36,233 - pyswarms.discrete.binary - INFO - Optimize for 100 iters with {'c1': 0.5, 'c2': 0.5, 'w': 0.1, 'k': 22, 'p': 2}
2022-04-25 01:58:36,426 - pyswarms.discrete.binary - INFO - Optimization finished | best cost: 0.005414022379683069, best pos: [1 1 1 0 1 1 0 1 1 1 0 1 1 1 1 1 1 0 1 1 1 1]
2022-04-25 01:58:36,428 - pyswarms.discrete.binary - INFO - Optimize for 100 iters with {'c1': 0.5, 'c2': 0.5, 'w': 0.1, 'k': 14, 'p': 2}
2022-04-25 01:58:36,484 - pyswarms.discrete.binary - INFO - Optimization finished | best cost: 0.0, best pos: [1 0 0 0 1 0 0 1 1 1 0 0 1 0]
2022-04-25 01:58:36,487 - pyswarms.discrete.binary - INFO - Optimize for 100 iters with {'c1': 0.5, 'c2': 0.5, 'w': 0.1, 'k': 14, 'p': 2}
2022-04-25 01:58:36,595 - pyswarms.discrete.binary - INFO - Optimization finished | best cost: 0.0, best pos: [0 1 1 1 1 1 1 1 1 1 1 1 1 1]
2022-04-25 01:58:36,597 - pyswarms.discrete.binary - INFO - Optimize for 100 iters with {'c1': 0.5, 'c2': 0.5, 'w': 0.1, 'k': 22, 'p': 2}
2022-04-25 01:58:36,737 - pyswarms.discrete.binary - INFO - Optimization finished | best cost: 0.004046305536395958, best pos: [1 0 1 0 1 1 1 1 1 1 0 1 1 1 1 0 0 0 1 1 0 1]
2022-04-25 01:58:36,739 - pyswarms.discrete.binary - INFO - Optimize for 100 iters with {'c1': 0.5, 'c2': 0.5, 'w': 0.1, 'k': 14, 'p': 2}
2022-04-25 01:58:36,797 - pyswarms.discrete.binary - INFO - Optimization finished | best cost: 0.0, best pos: [0 0 1 0 1 0 0 0 1 1 0 1 1 1]
2022-04-25 01:58:36,800 - pyswarms.discrete.binary - INFO - Optimize for 100 iters with {'c1': 0.5, 'c2': 0.5, 'w': 0.1, 'k': 14, 'p': 2}
2022-04-25 01:58:36,911 - pyswarms.discrete.binary - INFO - Optimization finished | best cost: 0.0, best pos: [1 0 1 1 0 1 1 0 1 0 1 1 0 1]
2022-04-25 01:58:36,913 - pyswarms.discrete.binary - INFO - Optimize for 100 iters with {'c1': 0.5, 'c2': 0.5, 'w': 0.1, 'k': 22, 'p': 2}
2022-04-25 01:58:37,053 - pyswarms.discrete.binary - INFO - Optimization finished | best cost: 0.0, best pos: [1 0 1 0 0 1 1 1 1 0 0 1 1 1 0 1 0 1 1 0 1 0]
2022-04-25 01:58:37,055 - pyswarms.discrete.binary - INFO - Optimize for 100 iters with {'c1': 0.5, 'c2': 0.5, 'w': 0.1, 'k': 14, 'p': 2}
2022-04-25 01:58:37,161 - pyswarms.discrete.binary - INFO - Optimization finished | best cost: 0.0, best pos: [1 0 0 1 1 0 0 0 0 1 1 1 1 1]
2022-04-25 01:58:37,165 - pyswarms.discrete.binary - INFO - Optimize for 100 iters with {'c1': 0.5, 'c2': 0.5, 'w': 0.1, 'k': 14, 'p': 2}
2022-04-25 01:58:37,223 - pyswarms.discrete.binary - INFO - Optimization finished | best cost: 0.0, best pos: [0 1 1 0 1 0 0 1 1 0 1 1 0 1]
2022-04-25 01:58:37,225 - pyswarms.discrete.binary - INFO - Optimize for 100 iters with {'c1': 0.5, 'c2': 0.5, 'w': 0.1, 'k': 22, 'p': 2}
2022-04-25 01:58:37,369 - pyswarms.discrete.binary - INFO - Optimization finished | best cost: 0.0, best pos: [1 1 0 0 1 1 0 1 1 0 0 1 1 1 1 0 1 1 1 1 1 1]
2022-04-25 01:58:37,371 - pyswarms.discrete.binary - INFO - Optimize for 100 iters with {'c1': 0.5, 'c2': 0.5, 'w': 0.1, 'k': 14, 'p': 2}
2022-04-25 01:58:37,482 - pyswarms.discrete.binary - INFO - Optimization finished | best cost: 0.0, best pos: [1 0 1 0 1 0 1 0 1 1 0 0 1 0]
2022-04-25 01:58:37,484 - pyswarms.discrete.binary - INFO - Optimize for 100 iters with {'c1': 0.5, 'c2': 0.5, 'w': 0.1, 'k': 14, 'p': 2}
2022-04-25 01:58:37,541 - pyswarms.discrete.binary - INFO - Optimization finished | best cost: 0.0, best pos: [0 0 1 1 1 0 0 0 0 0 1 1 0 1]
2022-04-25 01:58:37,543 - pyswarms.discrete.binary - INFO - Optimize for 100 iters with {'c1': 0.5, 'c2': 0.5, 'w': 0.1, 'k': 22, 'p': 2}
2022-04-25 01:58:37,684 - pyswarms.discrete.binary - INFO - Optimization finished | best cost: 0.0, best pos: [1 1 1 0 0 0 1 1 1 1 1 1 1 1 0 1 0 1 1 1 1 0]
2022-04-25 01:58:37,685 - pyswarms.discrete.binary - INFO - Optimize for 100 iters with {'c1': 0.5, 'c2': 0.5, 'w': 0.1, 'k': 14, 'p': 2}
2022-04-25 01:58:37,858 - pyswarms.discrete.binary - INFO - Optimization finished | best cost: 0.0, best pos: [0 0 0 0 1 1 0 0 0 1 1 1 1 1]
2022-04-25 01:58:37,860 - pyswarms.discrete.binary - INFO - Optimize for 100 iters with {'c1': 0.5, 'c2': 0.5, 'w': 0.1, 'k': 14, 'p': 2}
2022-04-25 01:58:37,938 - pyswarms.discrete.binary - INFO - Optimization finished | best cost: 0.0, best pos: [0 0 1 0 0 0 0 0 1 0 0 1 1 1]
2022-04-25 01:58:37,953 - pyswarms.discrete.binary - INFO - Optimize for 100 iters with {'c1': 0.5, 'c2': 0.5, 'w': 0.1, 'k': 22, 'p': 2}
2022-04-25 01:58:38,119 - pyswarms.discrete.binary - INFO - Optimization finished | best cost: 0.0, best pos: [1 1 0 1 0 1 0 1 0 1 0 1 1 1 1 0 0 1 1 0 0 1]
2022-04-25 01:58:38,125 - pyswarms.discrete.binary - INFO - Optimize for 100 iters with {'c1': 0.5, 'c2': 0.5, 'w': 0.1, 'k': 14, 'p': 2}
2022-04-25 01:58:38,198 - pyswarms.discrete.binary - INFO - Optimization finished | best cost: 0.0, best pos: [1 0 1 1 1 0 1 0 0 1 1 1 1 1]
2022-04-25 01:58:38,200 - pyswarms.discrete.binary - INFO - Optimize for 100 iters with {'c1': 0.5, 'c2': 0.5, 'w': 0.1, 'k': 14, 'p': 2}
2022-04-25 01:58:38,309 - pyswarms.discrete.binary - INFO - Optimization finished | best cost: 0.0, best pos: [0 1 1 0 1 0 0 0 0 1 0 1 1 1]
2022-04-25 01:58:38,314 - pyswarms.discrete.binary - INFO - Optimize for 100 iters with {'c1': 0.5, 'c2': 0.5, 'w': 0.1, 'k': 22, 'p': 2}
2022-04-25 01:58:38,465 - pyswarms.discrete.binary - INFO - Optimization finished | best cost: 0.0, best pos: [0 1 1 1 1 1 1 1 0 1 0 1 1 1 0 1 0 0 0 0 1 0]
2022-04-25 01:58:38,467 - pyswarms.discrete.binary - INFO - Optimize for 100 iters with {'c1': 0.5, 'c2': 0.5, 'w': 0.1, 'k': 14, 'p': 2}
2022-04-25 01:58:38,524 - pyswarms.discrete.binary - INFO - Optimization finished | best cost: 0.0, best pos: [0 1 1 1 1 1 0 1 0 1 0 1 1 0]
2022-04-25 01:58:38,526 - pyswarms.discrete.binary - INFO - Optimize for 100 iters with {'c1': 0.5, 'c2': 0.5, 'w': 0.1, 'k': 14, 'p': 2}
2022-04-25 01:58:38,637 - pyswarms.discrete.binary - INFO - Optimization finished | best cost: 0.0, best pos: [1 1 1 1 0 1 0 0 1 1 1 1 0 1]
2022-04-25 01:58:38,639 - pyswarms.discrete.binary - INFO - Optimize for 100 iters with {'c1': 0.5, 'c2': 0.5, 'w': 0.1, 'k': 22, 'p': 2}
2022-04-25 01:58:38,778 - pyswarms.discrete.binary - INFO - Optimization finished | best cost: 0.0, best pos: [0 0 0 1 0 1 0 0 0 0 0 1 1 1 0 1 0 1 0 0 0 0]
2022-04-25 01:58:38,780 - pyswarms.discrete.binary - INFO - Optimize for 100 iters with {'c1': 0.5, 'c2': 0.5, 'w': 0.1, 'k': 14, 'p': 2}
2022-04-25 01:58:38,835 - pyswarms.discrete.binary - INFO - Optimization finished | best cost: 0.0, best pos: [1 1 0 1 1 0 1 1 0 1 0 1 1 0]
2022-04-25 01:58:38,843 - pyswarms.discrete.binary - INFO - Optimize for 100 iters with {'c1': 0.5, 'c2': 0.5, 'w': 0.1, 'k': 14, 'p': 2}
2022-04-25 01:58:38,949 - pyswarms.discrete.binary - INFO - Optimization finished | best cost: 0.0, best pos: [1 0 1 0 1 0 1 1 0 1 0 0 1 1]
2022-04-25 01:58:38,951 - pyswarms.discrete.binary - INFO - Optimize for 100 iters with {'c1': 0.5, 'c2': 0.5, 'w': 0.1, 'k': 22, 'p': 2}
2022-04-25 01:58:39,101 - pyswarms.discrete.binary - INFO - Optimization finished | best cost: 0.0, best pos: [0 0 0 1 0 0 1 0 1 0 1 1 1 1 0 1 1 0 0 1 1 0]
2022-04-25 01:58:39,104 - pyswarms.discrete.binary - INFO - Optimize for 100 iters with {'c1': 0.5, 'c2': 0.5, 'w': 0.1, 'k': 14, 'p': 2}
2022-04-25 01:58:39,168 - pyswarms.discrete.binary - INFO - Optimization finished | best cost: 0.0, best pos: [1 0 1 0 1 1 1 1 1 0 1 0 1 0]
2022-04-25 01:58:39,258 - pyswarms.discrete.binary - INFO - Optimize for 100 iters with {'c1': 0.5, 'c2': 0.5, 'w': 0.1, 'k': 14, 'p': 2}
2022-04-25 01:58:39,350 - pyswarms.discrete.binary - INFO - Optimization finished | best cost: 0.0, best pos: [1 1 1 0 0 1 0 1 0 0 0 1 1 1]
2022-04-25 01:58:39,353 - pyswarms.discrete.binary - INFO - Optimize for 100 iters with {'c1': 0.5, 'c2': 0.5, 'w': 0.1, 'k': 22, 'p': 2}
2022-04-25 01:58:39,494 - pyswarms.discrete.binary - INFO - Optimization finished | best cost: 0.0, best pos: [0 1 0 1 0 1 0 1 0 1 1 1 1 1 0 1 0 1 0 0 1 0]
2022-04-25 01:58:39,496 - pyswarms.discrete.binary - INFO - Optimize for 100 iters with {'c1': 0.5, 'c2': 0.5, 'w': 0.1, 'k': 14, 'p': 2}
2022-04-25 01:58:39,609 - pyswarms.discrete.binary - INFO - Optimization finished | best cost: 0.0, best pos: [1 1 0 1 1 0 0 0 0 1 1 0 1 0]
2022-04-25 01:58:39,611 - pyswarms.discrete.binary - INFO - Optimize for 100 iters with {'c1': 0.5, 'c2': 0.5, 'w': 0.1, 'k': 14, 'p': 2}
2022-04-25 01:58:39,672 - pyswarms.discrete.binary - INFO - Optimization finished | best cost: 0.0, best pos: [0 1 1 0 1 1 0 0 0 0 0 0 1 0]
2022-04-25 01:58:39,673 - pyswarms.discrete.binary - INFO - Optimize for 100 iters with {'c1': 0.5, 'c2': 0.5, 'w': 0.1, 'k': 22, 'p': 2}
2022-04-25 01:58:39,853 - pyswarms.discrete.binary - INFO - Optimization finished | best cost: 0.0, best pos: [0 1 0 1 1 0 1 1 0 0 1 1 1 1 0 1 1 1 0 0 1 1]
2022-04-25 01:58:39,856 - pyswarms.discrete.binary - INFO - Optimize for 100 iters with {'c1': 0.5, 'c2': 0.5, 'w': 0.1, 'k': 14, 'p': 2}
2022-04-25 01:58:39,931 - pyswarms.discrete.binary - INFO - Optimization finished | best cost: 0.0, best pos: [0 0 0 1 1 1 0 1 1 0 0 1 1 0]
2022-04-25 01:58:39,933 - pyswarms.discrete.binary - INFO - Optimize for 100 iters with {'c1': 0.5, 'c2': 0.5, 'w': 0.1, 'k': 14, 'p': 2}
2022-04-25 01:58:40,040 - pyswarms.discrete.binary - INFO - Optimization finished | best cost: 0.0, best pos: [0 1 1 1 1 0 0 1 1 0 0 0 0 1]
2022-04-25 01:58:40,044 - pyswarms.discrete.binary - INFO - Optimize for 100 iters with {'c1': 0.5, 'c2': 0.5, 'w': 0.1, 'k': 22, 'p': 2}
2022-04-25 01:58:40,187 - pyswarms.discrete.binary - INFO - Optimization finished | best cost: 0.0, best pos: [1 0 0 0 0 0 0 1 1 1 1 1 1 1 1 1 0 0 0 1 1 1]
2022-04-25 01:58:40,188 - pyswarms.discrete.binary - INFO - Optimize for 100 iters with {'c1': 0.5, 'c2': 0.5, 'w': 0.1, 'k': 14, 'p': 2}
2022-04-25 01:58:40,249 - pyswarms.discrete.binary - INFO - Optimization finished | best cost: 0.0, best pos: [0 0 0 1 1 1 0 0 1 0 1 1 1 1]
2022-04-25 01:58:40,252 - pyswarms.discrete.binary - INFO - Optimize for 100 iters with {'c1': 0.5, 'c2': 0.5, 'w': 0.1, 'k': 14, 'p': 2}
2022-04-25 01:58:40,366 - pyswarms.discrete.binary - INFO - Optimization finished | best cost: 0.0, best pos: [0 0 1 1 0 1 1 1 1 0 0 1 1 1]
2022-04-25 01:58:40,369 - pyswarms.discrete.binary - INFO - Optimize for 100 iters with {'c1': 0.5, 'c2': 0.5, 'w': 0.1, 'k': 22, 'p': 2}
2022-04-25 01:58:40,509 - pyswarms.discrete.binary - INFO - Optimization finished | best cost: 0.0, best pos: [1 1 0 1 1 1 0 0 0 1 0 1 1 1 0 0 1 1 1 1 0 0]
2022-04-25 01:58:40,512 - pyswarms.discrete.binary - INFO - Optimize for 100 iters with {'c1': 0.5, 'c2': 0.5, 'w': 0.1, 'k': 14, 'p': 2}
2022-04-25 01:58:40,676 - pyswarms.discrete.binary - INFO - Optimization finished | best cost: 0.0, best pos: [0 1 0 1 1 1 0 1 0 0 0 1 1 1]
2022-04-25 01:58:40,679 - pyswarms.discrete.binary - INFO - Optimize for 100 iters with {'c1': 0.5, 'c2': 0.5, 'w': 0.1, 'k': 14, 'p': 2}
2022-04-25 01:58:40,740 - pyswarms.discrete.binary - INFO - Optimization finished | best cost: 0.0, best pos: [0 1 1 0 0 0 1 1 1 0 1 1 0 0]
2022-04-25 01:58:40,742 - pyswarms.discrete.binary - INFO - Optimize for 100 iters with {'c1': 0.5, 'c2': 0.5, 'w': 0.1, 'k': 22, 'p': 2}
2022-04-25 01:58:40,884 - pyswarms.discrete.binary - INFO - Optimization finished | best cost: 0.0, best pos: [0 1 1 0 1 1 0 0 0 1 1 1 1 1 1 0 1 0 0 0 0 0]
2022-04-25 01:58:40,886 - pyswarms.discrete.binary - INFO - Optimize for 100 iters with {'c1': 0.5, 'c2': 0.5, 'w': 0.1, 'k': 14, 'p': 2}
2022-04-25 01:58:40,999 - pyswarms.discrete.binary - INFO - Optimization finished | best cost: 0.0, best pos: [0 0 0 1 1 0 0 1 1 0 0 1 1 1]
2022-04-25 01:58:41,001 - pyswarms.discrete.binary - INFO - Optimize for 100 iters with {'c1': 0.5, 'c2': 0.5, 'w': 0.1, 'k': 14, 'p': 2}
2022-04-25 01:58:41,102 - pyswarms.discrete.binary - INFO - Optimization finished | best cost: 0.0, best pos: [0 1 1 0 0 1 1 0 0 0 1 1 0 1]
2022-04-25 01:58:41,109 - pyswarms.discrete.binary - INFO - Optimize for 100 iters with {'c1': 0.5, 'c2': 0.5, 'w': 0.1, 'k': 22, 'p': 2}
2022-04-25 01:58:41,261 - pyswarms.discrete.binary - INFO - Optimization finished | best cost: 0.0, best pos: [0 1 1 0 1 0 1 1 0 1 0 1 1 1 1 0 0 1 1 1 0 0]
2022-04-25 01:58:41,264 - pyswarms.discrete.binary - INFO - Optimize for 100 iters with {'c1': 0.5, 'c2': 0.5, 'w': 0.1, 'k': 14, 'p': 2}
2022-04-25 01:58:41,325 - pyswarms.discrete.binary - INFO - Optimization finished | best cost: 0.0, best pos: [0 0 1 1 1 1 0 1 0 0 0 0 1 0]
2022-04-25 01:58:41,326 - pyswarms.discrete.binary - INFO - Optimize for 100 iters with {'c1': 0.5, 'c2': 0.5, 'w': 0.1, 'k': 14, 'p': 2}
2022-04-25 01:58:41,456 - pyswarms.discrete.binary - INFO - Optimization finished | best cost: 0.0, best pos: [0 0 1 0 0 1 0 1 0 1 1 0 1 1]
2022-04-25 01:58:41,458 - pyswarms.discrete.binary - INFO - Optimize for 100 iters with {'c1': 0.5, 'c2': 0.5, 'w': 0.1, 'k': 22, 'p': 2}
2022-04-25 01:58:41,599 - pyswarms.discrete.binary - INFO - Optimization finished | best cost: 0.0, best pos: [0 1 1 1 0 1 1 0 1 0 1 1 1 1 0 1 1 1 0 0 0 0]
2022-04-25 01:58:41,600 - pyswarms.discrete.binary - INFO - Optimize for 100 iters with {'c1': 0.5, 'c2': 0.5, 'w': 0.1, 'k': 14, 'p': 2}
2022-04-25 01:58:41,712 - pyswarms.discrete.binary - INFO - Optimization finished | best cost: 0.0, best pos: [0 1 0 1 1 1 0 0 1 1 1 0 1 1]
2022-04-25 01:58:41,714 - pyswarms.discrete.binary - INFO - Optimize for 100 iters with {'c1': 0.5, 'c2': 0.5, 'w': 0.1, 'k': 14, 'p': 2}
2022-04-25 01:58:41,774 - pyswarms.discrete.binary - INFO - Optimization finished | best cost: 0.0, best pos: [0 1 1 0 0 0 0 0 1 0 1 1 0 0]
2022-04-25 01:58:41,776 - pyswarms.discrete.binary - INFO - Optimize for 100 iters with {'c1': 0.5, 'c2': 0.5, 'w': 0.1, 'k': 22, 'p': 2}
2022-04-25 01:58:41,958 - pyswarms.discrete.binary - INFO - Optimization finished | best cost: 0.0, best pos: [1 0 0 1 1 0 1 0 0 0 0 1 1 1 0 1 0 0 1 0 1 0]
2022-04-25 01:58:41,962 - pyswarms.discrete.binary - INFO - Optimize for 100 iters with {'c1': 0.5, 'c2': 0.5, 'w': 0.1, 'k': 14, 'p': 2}
2022-04-25 01:58:42,036 - pyswarms.discrete.binary - INFO - Optimization finished | best cost: 0.0, best pos: [1 0 1 0 1 1 0 0 1 1 1 1 1 0]
2022-04-25 01:58:42,038 - pyswarms.discrete.binary - INFO - Optimize for 100 iters with {'c1': 0.5, 'c2': 0.5, 'w': 0.1, 'k': 14, 'p': 2}
2022-04-25 01:58:42,193 - pyswarms.discrete.binary - INFO - Optimization finished | best cost: 0.0, best pos: [1 1 1 0 1 1 1 0 1 0 0 0 0 0]
2022-04-25 01:58:42,195 - pyswarms.discrete.binary - INFO - Optimize for 100 iters with {'c1': 0.5, 'c2': 0.5, 'w': 0.1, 'k': 22, 'p': 2}
2022-04-25 01:58:42,356 - pyswarms.discrete.binary - INFO - Optimization finished | best cost: 0.0, best pos: [1 0 1 0 0 0 0 1 1 1 0 1 1 1 1 1 1 0 0 0 0 1]
2022-04-25 01:58:42,358 - pyswarms.discrete.binary - INFO - Optimize for 100 iters with {'c1': 0.5, 'c2': 0.5, 'w': 0.1, 'k': 14, 'p': 2}
2022-04-25 01:58:42,420 - pyswarms.discrete.binary - INFO - Optimization finished | best cost: 0.0, best pos: [1 0 0 0 1 0 1 1 0 1 1 0 1 0]
2022-04-25 01:58:42,422 - pyswarms.discrete.binary - INFO - Optimize for 100 iters with {'c1': 0.5, 'c2': 0.5, 'w': 0.1, 'k': 14, 'p': 2}
2022-04-25 01:58:42,539 - pyswarms.discrete.binary - INFO - Optimization finished | best cost: 0.0, best pos: [0 1 1 0 1 1 1 0 0 1 1 1 1 0]
2022-04-25 01:58:42,542 - pyswarms.discrete.binary - INFO - Optimize for 100 iters with {'c1': 0.5, 'c2': 0.5, 'w': 0.1, 'k': 22, 'p': 2}
2022-04-25 01:58:42,688 - pyswarms.discrete.binary - INFO - Optimization finished | best cost: 0.0, best pos: [0 1 1 0 0 1 1 1 0 0 1 1 1 1 1 0 1 0 0 1 0 0]
2022-04-25 01:58:42,691 - pyswarms.discrete.binary - INFO - Optimize for 100 iters with {'c1': 0.5, 'c2': 0.5, 'w': 0.1, 'k': 14, 'p': 2}
2022-04-25 01:58:42,785 - pyswarms.discrete.binary - INFO - Optimization finished | best cost: 0.0, best pos: [1 1 1 1 1 1 0 1 0 0 0 1 1 0]
2022-04-25 01:58:42,788 - pyswarms.discrete.binary - INFO - Optimize for 100 iters with {'c1': 0.5, 'c2': 0.5, 'w': 0.1, 'k': 14, 'p': 2}
2022-04-25 01:58:42,862 - pyswarms.discrete.binary - INFO - Optimization finished | best cost: 0.0, best pos: [1 0 1 1 1 1 0 1 0 0 0 0 0 1]
2022-04-25 01:58:42,865 - pyswarms.discrete.binary - INFO - Optimize for 100 iters with {'c1': 0.5, 'c2': 0.5, 'w': 0.1, 'k': 22, 'p': 2}
2022-04-25 01:58:43,004 - pyswarms.discrete.binary - INFO - Optimization finished | best cost: 0.0, best pos: [1 1 1 0 1 1 1 1 1 1 0 1 1 1 0 0 1 1 1 1 1 0]
2022-04-25 01:58:43,006 - pyswarms.discrete.binary - INFO - Optimize for 100 iters with {'c1': 0.5, 'c2': 0.5, 'w': 0.1, 'k': 14, 'p': 2}
2022-04-25 01:58:43,121 - pyswarms.discrete.binary - INFO - Optimization finished | best cost: 0.0, best pos: [0 1 0 0 1 1 0 1 1 0 0 0 1 1]
2022-04-25 01:58:43,123 - pyswarms.discrete.binary - INFO - Optimize for 100 iters with {'c1': 0.5, 'c2': 0.5, 'w': 0.1, 'k': 14, 'p': 2}
2022-04-25 01:58:43,184 - pyswarms.discrete.binary - INFO - Optimization finished | best cost: 0.0, best pos: [0 1 1 1 0 0 1 1 1 0 0 1 1 1]
2022-04-25 01:58:43,196 - pyswarms.discrete.binary - INFO - Optimize for 100 iters with {'c1': 0.5, 'c2': 0.5, 'w': 0.1, 'k': 22, 'p': 2}
2022-04-25 01:58:43,431 - pyswarms.discrete.binary - INFO - Optimization finished | best cost: 0.0, best pos: [0 0 0 1 0 0 1 1 1 0 0 1 1 1 0 1 0 1 1 0 1 1]
2022-04-25 01:58:43,434 - pyswarms.discrete.binary - INFO - Optimize for 100 iters with {'c1': 0.5, 'c2': 0.5, 'w': 0.1, 'k': 14, 'p': 2}
2022-04-25 01:58:43,501 - pyswarms.discrete.binary - INFO - Optimization finished | best cost: 0.0, best pos: [1 1 0 1 1 1 1 0 0 0 0 1 1 0]
